#-----------------------------------------------------------
# Webtalk v2016.2 (64-bit)
# SW Build 1577090 on Thu Jun  2 16:32:40 MDT 2016
# 
# Start of session at: Fri Dec 22 09:40:05 2017
# Process ID: 10860
# Current directory: D:/Files/SoCProject/DCOOFDMVLCTx/DCOOFDMVLCTx.sdk/webtalk
# Command line: wbtcv.exe -mode batch -source sdk_webtalk.tcl
# Log file: D:/Files/SoCProject/DCOOFDMVLCTx/DCOOFDMVLCTx.sdk/webtalk/webtalk.log
# Journal file: D:/Files/SoCProject/DCOOFDMVLCTx/DCOOFDMVLCTx.sdk/webtalk\webtalk.jou
#-----------------------------------------------------------
source sdk_webtalk.tcl
# webtalk_init -webtalk_dir D:\\Files\\SoCProject\\DCOOFDMVLCTx\\DCOOFDMVLCTx.sdk\\webtalk
# webtalk_register_client -client project
# webtalk_add_data -client project -key date_generated -value "Fri Dec 22 09:40:04 2017" -context "software_version_and_target_device"
# webtalk_add_data -client project -key product_version -value "SDK v2016.2" -context "software_version_and_target_device"
# webtalk_add_data -client project -key build_version -value "2016.2" -context "software_version_and_target_device"
# webtalk_add_data -client project -key os_platform -value "amd64" -context "software_version_and_target_device"
# webtalk_add_data -client project -key registration_id -value "" -context "software_version_and_target_device"
# webtalk_add_data -client project -key tool_flow -value "SDK" -context "software_version_and_target_device"
# webtalk_add_data -client project -key beta -value "false" -context "software_version_and_target_device"
# webtalk_add_data -client project -key route_design -value "NA" -context "software_version_and_target_device"
# webtalk_add_data -client project -key target_family -value "NA" -context "software_version_and_target_device"
# webtalk_add_data -client project -key target_device -value "NA" -context "software_version_and_target_device"
# webtalk_add_data -client project -key target_package -value "NA" -context "software_version_and_target_device"
# webtalk_add_data -client project -key target_speed -value "NA" -context "software_version_and_target_device"
# webtalk_add_data -client project -key random_id -value "cc142vghu1gnkf4hhe79v5sapa" -context "software_version_and_target_device"
# webtalk_add_data -client project -key project_id -value "2016.2_15" -context "software_version_and_target_device"
# webtalk_add_data -client project -key project_iteration -value "15" -context "software_version_and_target_device"
# webtalk_add_data -client project -key os_name -value "" -context "user_environment"
# webtalk_add_data -client project -key os_release -value "" -context "user_environment"
# webtalk_add_data -client project -key cpu_name -value "" -context "user_environment"
# webtalk_add_data -client project -key cpu_speed -value "" -context "user_environment"
# webtalk_add_data -client project -key total_processors -value "" -context "user_environment"
# webtalk_add_data -client project -key system_ram -value "" -context "user_environment"
# webtalk_register_client -client sdk
# webtalk_add_data -client sdk -key uid -value "1513853404730" -context "sdk\\\\hardware/1513853404730"
# webtalk_add_data -client sdk -key isZynq -value "true" -context "sdk\\\\hardware/1513853404730"
# webtalk_add_data -client sdk -key Processors -value "2" -context "sdk\\\\hardware/1513853404730"
# webtalk_add_data -client sdk -key VivadoVersion -value "2016.2" -context "sdk\\\\hardware/1513853404730"
# webtalk_add_data -client sdk -key Arch -value "zynq" -context "sdk\\\\hardware/1513853404730"
# webtalk_add_data -client sdk -key Device -value "7z020" -context "sdk\\\\hardware/1513853404730"
# webtalk_add_data -client sdk -key IsHandoff -value "true" -context "sdk\\\\hardware/1513853404730"
# webtalk_add_data -client sdk -key uid -value "1513853460791" -context "sdk\\\\bsp/1513853460791"
# webtalk_add_data -client sdk -key hwid -value "1513657861041" -context "sdk\\\\bsp/1513853460791"
# webtalk_add_data -client sdk -key os -value "standalone" -context "sdk\\\\bsp/1513853460791"
# webtalk_add_data -client sdk -key apptemplate -value "lwip_echo_server" -context "sdk\\\\bsp/1513853460791"
# webtalk_add_data -client sdk -key uid -value "1513853482863" -context "sdk\\\\application/1513853482863"
# webtalk_add_data -client sdk -key hwid -value "1513657861041" -context "sdk\\\\application/1513853482863"
# webtalk_add_data -client sdk -key bspid -value "1513853460791" -context "sdk\\\\application/1513853482863"
# webtalk_add_data -client sdk -key newbsp -value "true" -context "sdk\\\\application/1513853482863"
# webtalk_add_data -client sdk -key os -value "standalone" -context "sdk\\\\application/1513853482863"
# webtalk_add_data -client sdk -key apptemplate -value "lwip_echo_server" -context "sdk\\\\application/1513853482863"
# webtalk_add_data -client sdk -key uid -value "1513853577469" -context "sdk\\\\bsp/1513853577469"
# webtalk_add_data -client sdk -key hwid -value "1513657861041" -context "sdk\\\\bsp/1513853577469"
# webtalk_add_data -client sdk -key os -value "standalone" -context "sdk\\\\bsp/1513853577469"
# webtalk_add_data -client sdk -key apptemplate -value "lwip_echo_server" -context "sdk\\\\bsp/1513853577469"
# webtalk_add_data -client sdk -key uid -value "1513853579344" -context "sdk\\\\application/1513853579344"
# webtalk_add_data -client sdk -key hwid -value "1513657861041" -context "sdk\\\\application/1513853579344"
# webtalk_add_data -client sdk -key bspid -value "1513853577469" -context "sdk\\\\application/1513853579344"
# webtalk_add_data -client sdk -key newbsp -value "true" -context "sdk\\\\application/1513853579344"
# webtalk_add_data -client sdk -key os -value "standalone" -context "sdk\\\\application/1513853579344"
# webtalk_add_data -client sdk -key apptemplate -value "lwip_echo_server" -context "sdk\\\\application/1513853579344"
# webtalk_transmit -clientid 1187069022 -regid "" -xml D:\\Files\\SoCProject\\DCOOFDMVLCTx\\DCOOFDMVLCTx.sdk\\webtalk\\usage_statistics_ext_sdk.xml -html D:\\Files\\SoCProject\\DCOOFDMVLCTx\\DCOOFDMVLCTx.sdk\\webtalk\\usage_statistics_ext_sdk.html -wdm D:\\Files\\SoCProject\\DCOOFDMVLCTx\\DCOOFDMVLCTx.sdk\\webtalk\\sdk_webtalk.wdm -intro "<H3>SDK Usage Report</H3><BR>"
# webtalk_terminate
INFO: [Common 17-206] Exiting Webtalk at Fri Dec 22 09:40:11 2017...
