#-----------------------------------------------------------
# Webtalk v2016.2 (64-bit)
# SW Build 1577090 on Thu Jun  2 16:32:40 MDT 2016
# 
# Start of session at: Tue Dec 19 11:32:05 2017
# Process ID: 16308
# Current directory: D:/Files/SoCProject/DCOOFDMVLCTx-back/DCOOFDMVLCTx.sdk/webtalk
# Command line: wbtcv.exe -mode batch -source sdk_webtalk.tcl
# Log file: D:/Files/SoCProject/DCOOFDMVLCTx-back/DCOOFDMVLCTx.sdk/webtalk/webtalk.log
# Journal file: D:/Files/SoCProject/DCOOFDMVLCTx-back/DCOOFDMVLCTx.sdk/webtalk\webtalk.jou
#-----------------------------------------------------------
source sdk_webtalk.tcl
# webtalk_init -webtalk_dir D:\\Files\\SoCProject\\DCOOFDMVLCTx-back\\DCOOFDMVLCTx.sdk\\webtalk
# webtalk_register_client -client project
# webtalk_add_data -client project -key date_generated -value "Tue Dec 19 11:32:03 2017" -context "software_version_and_target_device"
# webtalk_add_data -client project -key product_version -value "SDK v2016.2" -context "software_version_and_target_device"
# webtalk_add_data -client project -key build_version -value "2016.2" -context "software_version_and_target_device"
# webtalk_add_data -client project -key os_platform -value "amd64" -context "software_version_and_target_device"
# webtalk_add_data -client project -key registration_id -value "" -context "software_version_and_target_device"
# webtalk_add_data -client project -key tool_flow -value "SDK" -context "software_version_and_target_device"
# webtalk_add_data -client project -key beta -value "false" -context "software_version_and_target_device"
# webtalk_add_data -client project -key route_design -value "NA" -context "software_version_and_target_device"
# webtalk_add_data -client project -key target_family -value "NA" -context "software_version_and_target_device"
# webtalk_add_data -client project -key target_device -value "NA" -context "software_version_and_target_device"
# webtalk_add_data -client project -key target_package -value "NA" -context "software_version_and_target_device"
# webtalk_add_data -client project -key target_speed -value "NA" -context "software_version_and_target_device"
# webtalk_add_data -client project -key random_id -value "cnb0i4bq7gvt435ked4hv3l8qf" -context "software_version_and_target_device"
# webtalk_add_data -client project -key project_id -value "2016.2_12" -context "software_version_and_target_device"
# webtalk_add_data -client project -key project_iteration -value "12" -context "software_version_and_target_device"
# webtalk_add_data -client project -key os_name -value "" -context "user_environment"
# webtalk_add_data -client project -key os_release -value "" -context "user_environment"
# webtalk_add_data -client project -key cpu_name -value "" -context "user_environment"
# webtalk_add_data -client project -key cpu_speed -value "" -context "user_environment"
# webtalk_add_data -client project -key total_processors -value "" -context "user_environment"
# webtalk_add_data -client project -key system_ram -value "" -context "user_environment"
# webtalk_register_client -client sdk
# webtalk_add_data -client sdk -key uid -value "1513657861041" -context "sdk\\\\hardware/1513657861041"
# webtalk_add_data -client sdk -key isZynq -value "true" -context "sdk\\\\hardware/1513657861041"
# webtalk_add_data -client sdk -key Processors -value "2" -context "sdk\\\\hardware/1513657861041"
# webtalk_add_data -client sdk -key VivadoVersion -value "2016.2" -context "sdk\\\\hardware/1513657861041"
# webtalk_add_data -client sdk -key Arch -value "zynq" -context "sdk\\\\hardware/1513657861041"
# webtalk_add_data -client sdk -key Device -value "7z020" -context "sdk\\\\hardware/1513657861041"
# webtalk_add_data -client sdk -key IsHandoff -value "true" -context "sdk\\\\hardware/1513657861041"
# webtalk_transmit -clientid 971445828 -regid "" -xml D:\\Files\\SoCProject\\DCOOFDMVLCTx-back\\DCOOFDMVLCTx.sdk\\webtalk\\usage_statistics_ext_sdk.xml -html D:\\Files\\SoCProject\\DCOOFDMVLCTx-back\\DCOOFDMVLCTx.sdk\\webtalk\\usage_statistics_ext_sdk.html -wdm D:\\Files\\SoCProject\\DCOOFDMVLCTx-back\\DCOOFDMVLCTx.sdk\\webtalk\\sdk_webtalk.wdm -intro "<H3>SDK Usage Report</H3><BR>"
# webtalk_terminate
INFO: [Common 17-206] Exiting Webtalk at Tue Dec 19 11:32:13 2017...
